c:\users\mrgnh\documents\acta\projects\game of life\game of life\release\vc143.pdb
c:\users\mrgnh\documents\acta\projects\game of life\game of life\release\main.obj
c:\users\mrgnh\documents\acta\projects\game of life\release\sfml-graphics-2.dll
c:\users\mrgnh\documents\acta\projects\game of life\release\sfml-window-2.dll
c:\users\mrgnh\documents\acta\projects\game of life\release\sfml-system-2.dll
c:\users\mrgnh\documents\acta\projects\game of life\release\freetype.dll
c:\users\mrgnh\documents\acta\projects\game of life\release\zlib1.dll
c:\users\mrgnh\documents\acta\projects\game of life\release\bz2.dll
c:\users\mrgnh\documents\acta\projects\game of life\release\libpng16.dll
c:\users\mrgnh\documents\acta\projects\game of life\release\brotlidec.dll
c:\users\mrgnh\documents\acta\projects\game of life\release\brotlicommon.dll
c:\users\mrgnh\documents\acta\projects\game of life\release\game of life.exe
c:\users\mrgnh\documents\acta\projects\game of life\game of life\release\game of life.iobj
c:\users\mrgnh\documents\acta\projects\game of life\release\game of life.pdb
c:\users\mrgnh\documents\acta\projects\game of life\game of life\release\game of life.ipdb
c:\users\mrgnh\documents\acta\projects\game of life\game of life\release\game of life.tlog\cl.command.1.tlog
c:\users\mrgnh\documents\acta\projects\game of life\game of life\release\game of life.tlog\cl.read.1.tlog
c:\users\mrgnh\documents\acta\projects\game of life\game of life\release\game of life.tlog\cl.write.1.tlog
c:\users\mrgnh\documents\acta\projects\game of life\game of life\release\game of life.tlog\game of life.write.1u.tlog
c:\users\mrgnh\documents\acta\projects\game of life\game of life\release\game of life.tlog\link.command.1.tlog
c:\users\mrgnh\documents\acta\projects\game of life\game of life\release\game of life.tlog\link.read.1.tlog
c:\users\mrgnh\documents\acta\projects\game of life\game of life\release\game of life.tlog\link.write.1.tlog
